{"logLevel":"debug","message":"multithreading is set to true"}
{"logLevel":"debug","message":"multithreading enabled, number of threads=12"}
{"logLevel":"debug","message":"Using reflection to scan dependencies for gauge implementations..."}
SLF4J(W): No SLF4J providers were found.
SLF4J(W): Defaulting to no-operation (NOP) logger implementation
SLF4J(W): See https://www.slf4j.org/codes.html#noProviders for further details.
{"logLevel":"debug","message":"gauge-java took 906milliseconds to load and scan. This should be less than 'runner_connection_timeout' config value."}
{"logLevel":"debug","message":"run 'gauge config runner_connection_timeout' and verify that it is < 906"}
{"logLevel":"debug","message":"starting gRPC server..."}
{"logLevel":"debug","message":"started gRPC server on port 64059"}
{"logLevel":"info","message":"Listening on port:64059"}
{"logLevel":"debug","message":"Scanning packages for steps"}
{"logLevel":"debug","message":"Comparing 'com.web.base.pagesteps.BaseSteps.createAccountWithEmail' and 'com.web.base.pagesteps.BaseSteps.createAccountWithEmail'"}
{"logLevel":"debug","message":"Found deneme senaryosu in current project scope."}
{"logLevel":"debug","message":"Scanning packages for hooks"}
{"logLevel":"debug","message":"Scanned steps (using static parsing + reflections): "}
{"logLevel":"debug","message":"\tdeneme senaryosu : public void createAccountWithEmail()"}
{"logLevel":"debug","message":"Executing 'deneme senaryosu' using 'class com.web.base.pagesteps.BaseSteps.createAccountWithEmail"}
java.io.FileNotFoundException: reports/excel/WebAutomationReport-31-01-2024.xlsx (No such file or directory)
	at java.base/java.io.FileOutputStream.open0(Native Method)
	at java.base/java.io.FileOutputStream.open(FileOutputStream.java:289)
	at java.base/java.io.FileOutputStream.<init>(FileOutputStream.java:230)
	at java.base/java.io.FileOutputStream.<init>(FileOutputStream.java:118)
	at com.web.base.utils.reporting.ExcelUtil.createReportSheet(ExcelUtil.java:60)
	at com.web.base.utils.driver.Driver.deleteCookies(Driver.java:86)
	at java.base/jdk.internal.reflect.DirectMethodHandleAccessor.invoke(DirectMethodHandleAccessor.java:103)
	at java.base/java.lang.reflect.Method.invoke(Method.java:580)
	at com.thoughtworks.gauge.execution.MethodExecutor.execute(MethodExecutor.java:30)
	at com.thoughtworks.gauge.execution.HooksExecutor$TaggedHookExecutor.executeHook(HooksExecutor.java:90)
	at com.thoughtworks.gauge.execution.HooksExecutor$TaggedHookExecutor.execute(HooksExecutor.java:78)
	at com.thoughtworks.gauge.execution.HooksExecutor.execute(HooksExecutor.java:35)
	at com.thoughtworks.gauge.processor.MethodExecutionMessageProcessor.executeHooks(MethodExecutionMessageProcessor.java:55)
	at com.thoughtworks.gauge.processor.ScenarioExecutionEndingProcessor.process(ScenarioExecutionEndingProcessor.java:25)
	at com.thoughtworks.gauge.RunnerServiceHandler.lambda$finishScenarioExecution$9(RunnerServiceHandler.java:200)
	at java.base/java.util.concurrent.ThreadPoolExecutor.runWorker(ThreadPoolExecutor.java:1144)
	at java.base/java.util.concurrent.ThreadPoolExecutor$Worker.run(ThreadPoolExecutor.java:642)
	at java.base/java.lang.Thread.run(Thread.java:1583)
{"logLevel":"debug","message":"Killing Java runner..."}
{"logLevel":"debug","message":"Stopping execution pool..."}
{"logLevel":"debug","message":"Shutting down grpc server..."}
