{"logLevel":"debug","message":"multithreading is set to true"}
{"logLevel":"debug","message":"multithreading enabled, number of threads=12"}
{"logLevel":"debug","message":"Using reflection to scan dependencies for gauge implementations..."}
SLF4J(W): No SLF4J providers were found.
SLF4J(W): Defaulting to no-operation (NOP) logger implementation
SLF4J(W): See https://www.slf4j.org/codes.html#noProviders for further details.
{"logLevel":"debug","message":"gauge-java took 868milliseconds to load and scan. This should be less than 'runner_connection_timeout' config value."}
{"logLevel":"debug","message":"run 'gauge config runner_connection_timeout' and verify that it is < 868"}
{"logLevel":"debug","message":"starting gRPC server..."}
{"logLevel":"debug","message":"started gRPC server on port 55730"}
{"logLevel":"info","message":"Listening on port:55730"}
{"logLevel":"debug","message":"Scanning packages for steps"}
{"logLevel":"debug","message":"Comparing 'com.web.base.pagesteps.ExampleSteps.exampleStep2' and 'com.web.base.pagesteps.ExampleSteps.exampleStep2'"}
{"logLevel":"debug","message":"Found The word {} has {} vowels in current project scope."}
{"logLevel":"debug","message":"Comparing 'com.web.base.pagesteps.ExampleSteps.exampleStep' and 'com.web.base.pagesteps.ExampleSteps.exampleStep'"}
{"logLevel":"debug","message":"Found Example test scenario in current project scope."}
{"logLevel":"debug","message":"Comparing 'com.web.base.pagesteps.BaseSteps.goURL' and 'com.web.base.pagesteps.BaseSteps.goURL'"}
{"logLevel":"debug","message":"Found Go to project in current project scope."}
{"logLevel":"debug","message":"Scanning packages for hooks"}
{"logLevel":"debug","message":"Scanned steps (using static parsing + reflections): "}
{"logLevel":"debug","message":"\tGo to project : public void goURL()"}
{"logLevel":"debug","message":"\tAssertionError.class : public void exampleStep()"}
{"logLevel":"debug","message":"\tExample test scenario : public void exampleStep()"}
{"logLevel":"debug","message":"\tThe word {} has {} vowels : public void exampleStep2(String Word, Boolean VowelCount)"}
{"logLevel":"debug","message":"Killing Java runner..."}
{"logLevel":"debug","message":"Stopping execution pool..."}
{"logLevel":"debug","message":"Shutting down grpc server..."}
