{"logLevel":"debug","message":"multithreading is set to true"}
{"logLevel":"debug","message":"multithreading enabled, number of threads=12"}
{"logLevel":"debug","message":"Using reflection to scan dependencies for gauge implementations..."}
SLF4J: No SLF4J providers were found.
SLF4J: Defaulting to no-operation (NOP) logger implementation
SLF4J: See https://www.slf4j.org/codes.html#noProviders for further details.
{"logLevel":"debug","message":"gauge-java took 1162milliseconds to load and scan. This should be less than 'runner_connection_timeout' config value."}
{"logLevel":"debug","message":"run 'gauge config runner_connection_timeout' and verify that it is < 1162"}
{"logLevel":"debug","message":"starting gRPC server..."}
{"logLevel":"debug","message":"started gRPC server on port 64952"}
{"logLevel":"info","message":"Listening on port:64952"}
{"logLevel":"debug","message":"Scanning packages for steps"}
{"logLevel":"debug","message":"Comparing 'com.web.base.pagesteps.ExampleSteps.exampleStep2' and 'com.web.base.pagesteps.ExampleSteps.exampleStep2'"}
{"logLevel":"debug","message":"Found The word {} has {} vowels in current project scope."}
{"logLevel":"debug","message":"Comparing 'com.web.base.pagesteps.ExampleSteps.exampleStep' and 'com.web.base.pagesteps.ExampleSteps.exampleStep'"}
{"logLevel":"debug","message":"Found Example test scenario in current project scope."}
{"logLevel":"debug","message":"Comparing 'com.web.base.pagesteps.ExampleSteps.exampleStep3' and 'com.web.base.pagesteps.ExampleSteps.exampleStep3'"}
{"logLevel":"debug","message":"Found hepsiburada search in current project scope."}
{"logLevel":"debug","message":"Comparing 'com.web.base.pagesteps.BaseSteps.goURL' and 'com.web.base.pagesteps.BaseSteps.goURL'"}
{"logLevel":"debug","message":"Found Go to url project in current project scope."}
{"logLevel":"debug","message":"Scanning packages for hooks"}
{"logLevel":"debug","message":"Scanned steps (using static parsing + reflections): "}
{"logLevel":"debug","message":"\tGo to url project : public void goURL()"}
{"logLevel":"debug","message":"\thepsiburada search : public void exampleStep3()"}
{"logLevel":"debug","message":"\tAssertionError.class : public void exampleStep()"}
{"logLevel":"debug","message":"\tExample test scenario : public void exampleStep()"}
{"logLevel":"debug","message":"\tThe word {} has {} vowels : public void exampleStep2(String Word, Boolean VowelCount)"}
Jul 31, 2024 4:27:43 PM org.openqa.selenium.devtools.CdpVersionFinder findNearestMatch
WARNING: Unable to find CDP implementation matching 127
Jul 31, 2024 4:27:43 PM org.openqa.selenium.chromium.ChromiumDriver lambda$new$5
WARNING: Unable to find version of CDP to use for 127.0.6533.73. You may need to include a dependency on a specific version of the CDP using something similar to `org.seleniumhq.selenium:selenium-devtools-v86:4.17.0` where the version ("v86") matches the version of the chromium-based browser you're using and the version number of the artifact is the same as Selenium's.
{"logLevel":"debug","message":"Executing 'Go to url project' using 'class com.web.base.pagesteps.BaseSteps.goURL"}
{"logLevel":"debug","message":"Executing 'hepsiburada search' using 'class com.web.base.pagesteps.ExampleSteps.exampleStep3"}
{"logLevel":"debug","message":"Killing Java runner..."}
{"logLevel":"debug","message":"Stopping execution pool..."}
{"logLevel":"debug","message":"Shutting down grpc server..."}
